<?xml version="1.0" encoding="UTF-8"?>
<!-- Generated by org.testng.reporters.JUnitXMLReporter -->
<testsuite ignored="0" hostname="DESKTOP-C2CH04I" failures="0" tests="3" name="Default test" time="0.068" errors="0" timestamp="2023-05-01T16:41:19 IST">
  <testcase classname="com.sgtesting.users.Users" name="createUser" time="0.007"/>
  <testcase classname="com.sgtesting.users.Users" name="deleteUser" time="0.004"/>
  <testcase classname="com.sgtesting.users.Users" name="modifyUser" time="0.003"/>
</testsuite> <!-- Default test -->
